<?xml version="1.0" encoding="UTF-8"?>
<!-- Generated by org.testng.reporters.JUnitXMLReporter -->
<testsuite ignored="0" hostname="LAPTOP-MU3EQOKE" failures="0" tests="3" name="Test" time="8.797" errors="0" timestamp="2021-07-20T17:51:48 GST">
  <testcase classname="Mainpkg.WebAssignmentMainClass" name="ClickDroppable" time="1.87"/>
  <testcase classname="Mainpkg.WebAssignmentMainClass" name="ClickSelectable" time="1.5"/>
  <testcase classname="Mainpkg.WebAssignmentMainClass" name="ClickControlGroup" time="1.378"/>
</testsuite> <!-- Test -->
